number,value,datetime_start,datetime_complete,duration,params_dropout,params_encoder_layers,params_hidden_size,params_input_size,params_learning_rate,params_linear_hidden_size,params_n_heads,params_patch_len,params_stride,user_attrs_fold_hit_rates,state
0,0.5,2026-02-24 05:54:20.973048,2026-02-24 05:55:01.507058,0 days 00:00:40.534010,0.2406984980269684,5,64,110,0.00023785966753458703,32,8,16,2,"[0.5, 0.5, 0.5, 0.5]",COMPLETE
1,0.5,2026-02-24 05:55:01.507099,2026-02-24 05:55:16.768212,0 days 00:00:15.261113,0.2348240482415012,1,128,50,0.0001647529436889641,128,4,16,2,"[0.5, 0.5, 0.5, 0.5]",COMPLETE
2,0.5,2026-02-24 05:55:16.768252,2026-02-24 05:55:42.728144,0 days 00:00:25.959892,0.1709113782948197,3,128,30,0.00023314129326454746,64,4,16,8,"[0.5, 0.5, 0.5, 0.5]",COMPLETE
3,0.5,2026-02-24 05:55:42.728184,2026-02-24 05:55:58.081328,0 days 00:00:15.353144,0.27108739394094455,1,128,20,0.00033507408770673,256,8,16,2,"[0.5, 0.5, 0.5, 0.5]",COMPLETE
4,0.5,2026-02-24 05:55:58.081369,2026-02-24 05:56:13.257043,0 days 00:00:15.175674,0.28418337647270964,1,128,110,0.0005934435010877461,32,4,8,8,"[0.5, 0.5, 0.5, 0.5]",COMPLETE
5,0.5,2026-02-24 05:56:13.257082,2026-02-24 05:56:48.824438,0 days 00:00:35.567356,0.05074397560219699,5,32,40,0.0006596886519084251,128,4,8,2,"[0.5, 0.5, 0.5, 0.5]",COMPLETE
6,0.5,2026-02-24 05:56:48.824477,2026-02-24 05:57:24.895943,0 days 00:00:36.071466,0.09709701491811819,5,128,20,0.0008330037920862928,512,8,16,8,"[0.5, 0.5, 0.5, 0.5]",COMPLETE
7,0.5,2026-02-24 05:57:24.895982,2026-02-24 05:57:50.595676,0 days 00:00:25.699694,0.19745387486494131,3,128,80,0.0004812443513056913,128,2,8,2,"[0.5, 0.5, 0.5, 0.5]",COMPLETE
9,0.5,2026-02-24 05:58:11.293791,2026-02-24 05:58:26.532972,0 days 00:00:15.239181,0.1853440878593104,1,64,120,0.00024070267632349528,256,4,4,8,"[0.5, 0.5, 0.5, 0.5]",COMPLETE
10,0.5,2026-02-24 05:58:26.533010,2026-02-24 05:58:57.305567,0 days 00:00:30.772557,0.12155753302653599,4,64,130,0.00010379524554775795,32,2,4,4,"[0.5, 0.5, 0.5, 0.5]",COMPLETE
14,0.5,2026-02-24 06:00:21.830213,2026-02-24 06:00:42.467783,0 days 00:00:20.637570,0.23133782485045207,2,32,90,0.00017129700738776938,128,2,16,2,"[0.5, 0.5, 0.5, 0.5]",COMPLETE
11,0.5,2026-02-24 05:58:57.305605,2026-02-24 05:59:28.044885,0 days 00:00:30.739280,0.22834843034573793,4,64,60,0.00013356882935432014,32,8,16,2,"[0.5, 0.5, 0.5, 0.5]",COMPLETE
12,0.5,2026-02-24 05:59:28.044925,2026-02-24 05:59:48.605148,0 days 00:00:20.560223,0.23682309662451226,2,64,100,0.0001785208621519817,128,8,16,4,"[0.5, 0.5, 0.5, 0.5]",COMPLETE
13,0.5,2026-02-24 05:59:48.605187,2026-02-24 06:00:21.830175,0 days 00:00:33.224988,0.29818541340379,4,64,140,0.0003530335591802629,64,4,16,2,"[0.5, 0.5, 0.5, 0.5]",COMPLETE
17,0.5,2026-02-24 06:01:43.789776,2026-02-24 06:02:14.578726,0 days 00:00:30.788950,0.20957104988329145,4,128,60,0.0002826971102145903,32,4,16,2,"[0.5, 0.5, 0.5, 0.5]",COMPLETE
16,0.5,2026-02-24 06:01:18.198404,2026-02-24 06:01:43.789735,0 days 00:00:25.591331,0.2522545208100345,3,64,90,0.00013398815885016697,128,8,4,4,"[0.5, 0.5, 0.5, 0.5]",COMPLETE
19,0.5,2026-02-24 06:02:36.869115,2026-02-24 06:02:52.173014,0 days 00:00:15.303899,0.2595756810674686,1,32,80,0.00017425991191056926,256,2,4,4,"[0.5, 0.5, 0.5, 0.5]",COMPLETE
18,0.5,2026-02-24 06:02:14.578767,2026-02-24 06:02:36.869076,0 days 00:00:22.290309,0.15992692809035022,2,64,110,0.00042378756648840134,64,8,16,2,"[0.5, 0.5, 0.5, 0.5]",COMPLETE
34,0.5,2026-02-24 06:08:32.538149,2026-02-24 06:08:47.763499,0 days 00:00:15.225350,0.23774680377856977,1,128,40,0.0002620387712739649,512,4,16,2,"[0.5, 0.5, 0.5, 0.5]",COMPLETE
35,0.5,2026-02-24 06:08:47.763538,2026-02-24 06:09:08.574664,0 days 00:00:20.811126,0.07236733452731002,2,128,110,0.00032657787297518247,128,8,8,8,"[0.5, 0.5, 0.5, 0.5]",COMPLETE
20,0.5,2026-02-24 06:02:52.173054,2026-02-24 06:03:18.171295,0 days 00:00:25.998241,0.0923597649211019,3,128,40,0.00011398468301916263,512,8,16,2,"[0.5, 0.5, 0.5, 0.5]",COMPLETE
21,0.5,2026-02-24 06:03:18.171335,2026-02-24 06:03:43.906886,0 days 00:00:25.735551,0.1704889955473131,3,128,40,0.0002500961268008898,64,4,16,8,"[0.5, 0.5, 0.5, 0.5]",COMPLETE
22,0.5,2026-02-24 06:03:43.906927,2026-02-24 06:04:14.938828,0 days 00:00:31.031901,0.21088750227436823,4,128,30,0.0002108277784614985,64,4,16,8,"[0.5, 0.5, 0.5, 0.5]",COMPLETE
23,0.5,2026-02-24 06:04:14.938867,2026-02-24 06:04:35.581378,0 days 00:00:20.642511,0.17903837677987033,2,128,60,0.0002816800184069772,64,4,16,8,"[0.5, 0.5, 0.5, 0.5]",COMPLETE
24,0.5,2026-02-24 06:04:35.581417,2026-02-24 06:05:12.045214,0 days 00:00:36.463797,0.21774199728955296,5,128,30,0.0001413660670764138,64,4,16,8,"[0.5, 0.5, 0.5, 0.5]",COMPLETE
25,0.5,2026-02-24 06:05:12.045254,2026-02-24 06:05:37.819864,0 days 00:00:25.774610,0.1490051819746788,3,64,50,0.00018682029420802633,128,4,16,8,"[0.5, 0.5, 0.5, 0.5]",COMPLETE
26,0.5,2026-02-24 06:05:37.819903,2026-02-24 06:06:03.640722,0 days 00:00:25.820819,0.25283278078503857,3,128,30,0.00015017684491039362,32,4,16,2,"[0.5, 0.5, 0.5, 0.5]",COMPLETE
27,0.5,2026-02-24 06:06:03.640762,2026-02-24 06:06:35.007750,0 days 00:00:31.366988,0.19621543064133434,4,128,70,0.0004103987347425931,64,4,16,2,"[0.5, 0.5, 0.5, 0.5]",COMPLETE
28,0.5,2026-02-24 06:06:35.007790,2026-02-24 06:06:55.647057,0 days 00:00:20.639267,0.12083027592340173,2,32,140,0.00028594843883587796,32,2,8,4,"[0.5, 0.5, 0.5, 0.5]",COMPLETE
29,0.5,2026-02-24 06:06:55.647094,2026-02-24 06:07:11.002622,0 days 00:00:15.355528,0.26840818494755014,1,64,20,0.000338627258299366,256,8,4,8,"[0.5, 0.5, 0.5, 0.5]",COMPLETE
30,0.5,2026-02-24 06:07:11.002660,2026-02-24 06:07:46.656450,0 days 00:00:35.653790,0.2895736754621517,5,128,50,0.00022635709515354956,128,8,16,2,"[0.5, 0.5, 0.5, 0.5]",COMPLETE
31,0.5,2026-02-24 06:07:46.656489,2026-02-24 06:08:02.104197,0 days 00:00:15.447708,0.2736210766380888,1,128,20,0.0005427834783283942,256,8,16,2,"[0.5, 0.5, 0.5, 0.5]",COMPLETE
32,0.5,2026-02-24 06:08:02.104238,2026-02-24 06:08:17.338325,0 days 00:00:15.234087,0.28063826337961645,1,128,30,0.00039420394649418704,256,8,16,2,"[0.5, 0.5, 0.5, 0.5]",COMPLETE
33,0.5,2026-02-24 06:08:17.338366,2026-02-24 06:08:32.538109,0 days 00:00:15.199743,0.2518476373081026,1,128,20,0.00019616227234243498,256,8,8,2,"[0.5, 0.5, 0.5, 0.5]",COMPLETE
42,0.5,2026-02-24 06:11:22.291327,2026-02-24 06:11:42.843591,0 days 00:00:20.552264,0.28609421895992604,2,128,110,0.0008324831368944531,32,4,8,8,"[0.5, 0.5, 0.5, 0.5]",COMPLETE
43,0.5,2026-02-24 06:11:42.843629,2026-02-24 06:11:58.229923,0 days 00:00:15.386294,0.2654989085040983,1,128,90,0.0007233018964036938,32,4,8,8,"[0.5, 0.5, 0.5, 0.5]",COMPLETE
36,0.5,2026-02-24 06:09:08.574722,2026-02-24 06:09:44.670190,0 days 00:00:36.095468,0.19441834827866183,5,32,40,0.0007019654540577498,256,8,16,2,"[0.5, 0.5, 0.5, 0.5]",COMPLETE
37,0.5,2026-02-24 06:09:44.670230,2026-02-24 06:10:00.120487,0 days 00:00:15.450257,0.21902669600967978,1,128,120,0.00015117934557242992,32,4,16,8,"[0.5, 0.5, 0.5, 0.5]",COMPLETE
38,0.5,2026-02-24 06:10:00.120526,2026-02-24 06:10:20.798988,0 days 00:00:20.678462,0.2981118580805826,2,64,20,0.00048867357143412,512,2,8,2,"[0.5, 0.5, 0.5, 0.5]",COMPLETE
39,0.5,2026-02-24 06:10:20.799028,2026-02-24 06:10:36.166390,0 days 00:00:15.367362,0.03782323646827887,1,128,70,0.00023872717690879533,128,8,4,2,"[0.5, 0.5, 0.5, 0.5]",COMPLETE
40,0.5,2026-02-24 06:10:36.166431,2026-02-24 06:11:06.985449,0 days 00:00:30.819018,0.240172513144638,4,64,100,0.0009802877832630528,32,4,16,4,"[0.5, 0.5, 0.5, 0.5]",COMPLETE
41,0.5,2026-02-24 06:11:06.985488,2026-02-24 06:11:22.291289,0 days 00:00:15.305801,0.2767525080428285,1,128,130,0.0006015231123764825,32,4,8,8,"[0.5, 0.5, 0.5, 0.5]",COMPLETE
46,0.5,2026-02-24 06:12:34.501810,2026-02-24 06:12:51.253884,0 days 00:00:16.752074,0.2628714254690376,1,128,130,0.00045213196334391515,256,2,16,2,"[0.5, 0.5, 0.5, 0.5]",COMPLETE
47,0.5,2026-02-24 06:12:51.253923,2026-02-24 06:13:11.516872,0 days 00:00:20.262949,0.2033813116389056,2,128,90,0.00015935616909032796,64,4,4,8,"[0.5, 0.5, 0.5, 0.5]",COMPLETE
44,0.5,2026-02-24 06:11:58.229961,2026-02-24 06:12:13.466240,0 days 00:00:15.236279,0.24342053035351385,1,32,120,0.0003634040038487982,32,4,8,8,"[0.5, 0.5, 0.5, 0.5]",COMPLETE
45,0.5,2026-02-24 06:12:13.466280,2026-02-24 06:12:34.501770,0 days 00:00:21.035490,0.22612117563889922,2,64,100,0.00011891259065573706,128,8,16,2,"[0.5, 0.5, 0.5, 0.5]",COMPLETE
48,0.5,2026-02-24 06:13:11.516913,2026-02-24 06:13:37.475411,0 days 00:00:25.958498,0.29995957643390864,3,64,100,0.00020210156156552796,32,8,8,4,"[0.5, 0.5, 0.5, 0.5]",COMPLETE
49,0.5,2026-02-24 06:13:37.475451,2026-02-24 06:14:08.953767,0 days 00:00:31.478316,0.1259398961657316,4,128,30,0.00030731121590386315,512,4,16,2,"[0.5, 0.5, 0.5, 0.5]",COMPLETE
15,0.40849364905389035,2026-02-24 06:00:42.467822,2026-02-24 06:01:18.198365,0 days 00:00:35.730543,0.13598822235175967,5,128,50,0.00021675053603383473,32,4,16,2,"[0.5, 0.5, 0.5, 1.0]",COMPLETE
8,0.15849364905389035,2026-02-24 05:57:50.595734,2026-02-24 05:58:11.293748,0 days 00:00:20.698014,0.022059716797561867,2,32,70,0.0008206425383624656,512,8,8,2,"[0.5, 0.5, 0.0, 0.5]",COMPLETE
