number,value,datetime_start,datetime_complete,duration,params_dropout,params_encoder_layers,params_hidden_size,params_input_size,params_learning_rate,params_linear_hidden_size,params_n_heads,params_patch_len,params_stride,state
5,0.625,2026-02-23 04:40:05.580653,2026-02-23 04:40:44.049793,0 days 00:00:38.469140,0.014386374068434448,3,128,40,0.0008351855106109837,512,8,8,4,COMPLETE
0,0.5,2026-02-23 04:36:45.352410,2026-02-23 04:37:15.450060,0 days 00:00:30.097650,0.28018807517024524,1,128,100,0.0002589945999004482,256,8,8,8,COMPLETE
1,0.5,2026-02-23 04:37:15.450126,2026-02-23 04:37:45.880757,0 days 00:00:30.430631,0.16927868203499444,1,128,80,0.00013537175201191082,512,8,16,4,COMPLETE
2,0.5,2026-02-23 04:37:45.880840,2026-02-23 04:38:30.732062,0 days 00:00:44.851222,0.2821262946334589,4,32,40,0.00016524350087522945,128,2,16,2,COMPLETE
3,0.5,2026-02-23 04:38:30.732135,2026-02-23 04:39:15.463761,0 days 00:00:44.731626,0.29957250584962836,4,128,20,0.0005887050302933023,64,2,4,2,COMPLETE
4,0.5,2026-02-23 04:39:15.463831,2026-02-23 04:40:05.580577,0 days 00:00:50.116746,0.19785365195756652,5,128,90,0.000977966528869851,32,4,4,4,COMPLETE
6,0.5,2026-02-23 04:40:44.049863,2026-02-23 04:41:12.319201,0 days 00:00:28.269338,0.04669731899948363,1,64,110,0.0005459643183392924,256,2,4,8,COMPLETE
7,0.5,2026-02-23 04:41:12.319260,2026-02-23 04:41:42.295000,0 days 00:00:29.975740,0.20719139201984652,1,128,20,0.00013341462181073595,256,2,16,8,COMPLETE
8,0.5,2026-02-23 04:41:42.295069,2026-02-23 04:42:25.844560,0 days 00:00:43.549491,0.2278389370868511,3,128,80,0.0003183319221826152,64,8,4,8,COMPLETE
9,0.5,2026-02-23 04:42:25.844647,2026-02-23 04:42:59.274904,0 days 00:00:33.430257,0.24466037498485252,2,128,80,0.0002354743424045933,32,4,4,8,COMPLETE
11,0.5,2026-02-23 04:43:37.539068,2026-02-23 04:44:10.297335,0 days 00:00:32.758267,0.11080484249491707,2,64,120,0.0003520169471032352,256,8,8,4,COMPLETE
12,0.5,2026-02-23 04:44:10.297398,2026-02-23 04:44:43.967964,0 days 00:00:33.670566,0.12006650919577326,2,128,140,0.0004945473801563902,512,8,8,8,COMPLETE
13,0.5,2026-02-23 04:44:43.968033,2026-02-23 04:45:34.869028,0 days 00:00:50.900995,0.06503481189806004,5,128,50,0.00022272516507570046,128,8,8,4,COMPLETE
14,0.5,2026-02-23 04:45:34.869100,2026-02-23 04:46:47.316743,0 days 00:01:12.447643,0.1256347043985655,4,32,100,0.0003968047281483662,512,8,8,2,COMPLETE
17,0.5,2026-02-23 04:48:08.651134,2026-02-23 04:48:50.318742,0 days 00:00:41.667608,0.16282031367135652,3,128,60,0.00027299301031357396,512,8,8,4,COMPLETE
15,0.5,2026-02-23 04:46:47.316807,2026-02-23 04:47:22.585528,0 days 00:00:35.268721,0.06397882829259896,2,64,60,0.00022467108994448978,256,8,8,8,COMPLETE
19,0.5,2026-02-23 04:49:18.141851,2026-02-23 04:50:06.869849,0 days 00:00:48.727998,0.08539286301302333,4,64,40,0.00018255937731561544,128,4,8,2,COMPLETE
18,0.5,2026-02-23 04:48:50.318893,2026-02-23 04:49:18.141746,0 days 00:00:27.822853,0.2762566727301148,1,32,100,0.00041305443270367204,32,8,8,8,COMPLETE
34,0.5,2026-02-23 04:58:59.011032,2026-02-23 04:59:43.815295,0 days 00:00:44.804263,0.2527126562843363,4,128,30,0.00015536350700654053,128,2,16,2,COMPLETE
35,0.5,2026-02-23 04:59:43.815357,2026-02-23 05:00:29.798527,0 days 00:00:45.983170,0.19865955419729947,3,128,80,0.00012033077138736984,128,2,4,8,COMPLETE
20,0.5,2026-02-23 04:50:06.869962,2026-02-23 04:50:44.078707,0 days 00:00:37.208745,0.24799766523761607,2,128,30,0.00010230607589194676,64,8,16,8,COMPLETE
21,0.5,2026-02-23 04:50:44.078776,2026-02-23 04:51:12.961891,0 days 00:00:28.883115,0.17080096975847245,1,128,70,0.00010462362153111305,512,8,16,4,COMPLETE
22,0.5,2026-02-23 04:51:12.961968,2026-02-23 04:51:43.680843,0 days 00:00:30.718875,0.19217636481715408,1,128,90,0.00014084845126398338,512,8,16,4,COMPLETE
23,0.5,2026-02-23 04:51:43.680934,2026-02-23 04:52:14.155247,0 days 00:00:30.474313,0.13670577715834287,1,128,110,0.0006946819443252403,512,8,16,4,COMPLETE
24,0.5,2026-02-23 04:52:14.155310,2026-02-23 04:52:50.219973,0 days 00:00:36.064663,0.09627798295531098,2,128,70,0.00018380039057462196,512,8,16,4,COMPLETE
25,0.5,2026-02-23 04:52:50.220041,2026-02-23 04:53:19.146553,0 days 00:00:28.926512,0.032173357386225676,1,128,90,0.0002861904412030942,256,8,8,4,COMPLETE
26,0.5,2026-02-23 04:53:19.146625,2026-02-23 04:54:02.934691,0 days 00:00:43.788066,0.14743251642261343,3,128,120,0.00013173749030550192,512,8,16,4,COMPLETE
27,0.5,2026-02-23 04:54:02.934786,2026-02-23 04:54:40.365104,0 days 00:00:37.430318,0.22482176558625355,2,128,70,0.0004654803745111226,512,8,8,4,COMPLETE
28,0.5,2026-02-23 04:54:40.365167,2026-02-23 04:55:10.641094,0 days 00:00:30.275927,0.17601800537057877,1,32,100,0.0007570495349803829,256,2,8,2,COMPLETE
29,0.5,2026-02-23 04:55:10.641154,2026-02-23 04:56:02.541106,0 days 00:00:51.899952,0.27586377713748167,5,64,40,0.00016907062281361853,128,4,16,8,COMPLETE
30,0.5,2026-02-23 04:56:02.541181,2026-02-23 04:56:37.502797,0 days 00:00:34.961616,0.2634281115487361,2,32,50,0.0001553494026268553,32,2,16,2,COMPLETE
31,0.5,2026-02-23 04:56:37.502859,2026-02-23 04:57:22.301348,0 days 00:00:44.798489,0.2969701473009688,4,32,20,0.00011774965710278916,128,2,16,2,COMPLETE
32,0.5,2026-02-23 04:57:22.301426,2026-02-23 04:58:07.352909,0 days 00:00:45.051483,0.29471277548184327,4,32,30,0.00020117883171874012,128,2,16,2,COMPLETE
33,0.5,2026-02-23 04:58:07.353008,2026-02-23 04:58:59.010966,0 days 00:00:51.657958,0.22064745526880641,5,32,40,0.0002686352213136227,64,2,4,2,COMPLETE
42,0.5,2026-02-23 05:04:51.206391,2026-02-23 05:05:31.174558,0 days 00:00:39.968167,0.2382733617570235,3,128,30,0.0006054835858340751,64,2,4,2,COMPLETE
43,0.5,2026-02-23 05:05:31.174619,2026-02-23 05:06:16.017102,0 days 00:00:44.842483,0.26381020504843977,4,128,40,0.0004954855119687076,64,2,4,2,COMPLETE
36,0.5,2026-02-23 05:00:29.798602,2026-02-23 05:01:27.576294,0 days 00:00:57.777692,0.2706621647230659,5,32,90,0.0006130094228943455,256,2,16,2,COMPLETE
37,0.5,2026-02-23 05:01:27.576359,2026-02-23 05:01:56.885565,0 days 00:00:29.309206,0.2115246520843343,1,128,60,0.00032360631523014585,32,4,4,4,COMPLETE
38,0.5,2026-02-23 05:01:56.885629,2026-02-23 05:02:41.187280,0 days 00:00:44.301651,0.24315167074320812,4,64,20,0.0008589680520672961,64,8,16,8,COMPLETE
39,0.5,2026-02-23 05:02:41.187351,2026-02-23 05:03:21.560479,0 days 00:00:40.373128,0.03294252753173514,3,128,110,0.00020115716970962308,512,8,8,4,COMPLETE
40,0.5,2026-02-23 05:03:21.560554,2026-02-23 05:04:06.272859,0 days 00:00:44.712305,0.2881245983976808,4,32,80,0.0002492565939685308,256,2,4,8,COMPLETE
41,0.5,2026-02-23 05:04:06.272951,2026-02-23 05:04:51.206329,0 days 00:00:44.933378,0.28660670755370415,4,128,20,0.0008979812289332371,64,2,4,2,COMPLETE
46,0.5,2026-02-23 05:07:46.747752,2026-02-23 05:08:41.953837,0 days 00:00:55.206085,0.07755407463241008,4,128,140,0.0008768449360536637,256,8,8,4,COMPLETE
47,0.5,2026-02-23 05:08:41.953931,2026-02-23 05:09:19.396014,0 days 00:00:37.442083,0.11492072848862939,2,64,60,0.0007020087600818541,128,2,8,2,COMPLETE
44,0.5,2026-02-23 05:06:16.017175,2026-02-23 05:07:07.097951,0 days 00:00:51.080776,0.2575602803954715,5,128,50,0.00037368283933507287,64,8,8,2,COMPLETE
45,0.5,2026-02-23 05:07:07.098012,2026-02-23 05:07:46.747677,0 days 00:00:39.649665,0.28351748233295904,3,128,120,0.0005753204084742422,512,4,4,8,COMPLETE
49,0.5,2026-02-23 05:10:01.793558,2026-02-23 05:10:33.643217,0 days 00:00:31.849659,0.052000037866332394,1,32,130,0.00014258175070434328,512,8,4,4,COMPLETE
48,0.48214285714285715,2026-02-23 05:09:19.396084,2026-02-23 05:10:01.793498,0 days 00:00:42.397414,0.23550884286585072,3,128,20,0.0003042580338647026,32,8,8,8,COMPLETE
10,0.4583333333333333,2026-02-23 04:42:59.274976,2026-02-23 04:43:37.539005,0 days 00:00:38.264029,0.0046629538225829055,3,32,50,0.0009927611614393972,512,8,8,4,COMPLETE
16,0.375,2026-02-23 04:47:22.585597,2026-02-23 04:48:08.651045,0 days 00:00:46.065448,0.010246144855119491,3,128,130,0.0007540012196258099,256,4,8,4,COMPLETE
