number,value,datetime_start,datetime_complete,duration,params_dropout,params_encoder_layers,params_hidden_size,params_input_size,params_learning_rate,params_linear_hidden_size,params_n_heads,params_patch_len,params_stride,user_attrs_fold_hit_rates,state
0,0.5,2026-02-24 12:05:38.593852,2026-02-24 12:06:10.100312,0 days 00:00:31.506460,0.08628263611015595,4,64,30,0.00029969062151022395,256,2,8,8,"[0.5, 0.5, 0.5, 0.5]",COMPLETE
1,0.5,2026-02-24 12:06:10.100353,2026-02-24 12:06:25.855425,0 days 00:00:15.755072,0.2670013667233462,1,32,20,0.00024050766221259468,256,4,16,4,"[0.5, 0.5, 0.5, 0.5]",COMPLETE
2,0.5,2026-02-24 12:06:25.855465,2026-02-24 12:06:52.218650,0 days 00:00:26.363185,0.12881084330152962,3,64,30,0.00022902663140115715,128,2,16,2,"[0.5, 0.5, 0.5, 0.5]",COMPLETE
3,0.5,2026-02-24 12:06:52.218708,2026-02-24 12:07:18.548332,0 days 00:00:26.329624,0.2857423789287184,3,128,60,0.00017174084048089444,128,8,8,2,"[0.5, 0.5, 0.5, 0.5]",COMPLETE
4,0.5,2026-02-24 12:07:18.548374,2026-02-24 12:07:34.248099,0 days 00:00:15.699725,0.10430596908572178,1,32,60,0.00020766079474003284,128,2,16,8,"[0.5, 0.5, 0.5, 0.5]",COMPLETE
5,0.5,2026-02-24 12:07:34.248140,2026-02-24 12:07:55.080662,0 days 00:00:20.832522,0.25925404400652374,2,32,40,0.000643325880450357,512,2,16,4,"[0.5, 0.5, 0.5, 0.5]",COMPLETE
6,0.5,2026-02-24 12:07:55.080722,2026-02-24 12:08:31.666648,0 days 00:00:36.585926,0.1600359587654037,5,32,50,0.00012712223787381854,64,4,8,8,"[0.5, 0.5, 0.5, 0.5]",COMPLETE
7,0.5,2026-02-24 12:08:31.666706,2026-02-24 12:08:47.590217,0 days 00:00:15.923511,0.06925995803113172,1,64,90,0.00020084954728826724,256,2,4,2,"[0.5, 0.5, 0.5, 0.5]",COMPLETE
8,0.5,2026-02-24 12:08:47.590260,2026-02-24 12:09:03.375990,0 days 00:00:15.785730,0.19970234673097037,1,64,140,0.00022642171426307128,256,2,4,8,"[0.5, 0.5, 0.5, 0.5]",COMPLETE
9,0.5,2026-02-24 12:09:03.376030,2026-02-24 12:09:39.976154,0 days 00:00:36.600124,0.11447209534754751,5,32,120,0.0007021067542073701,128,8,8,8,"[0.5, 0.5, 0.5, 0.5]",COMPLETE
11,0.5,2026-02-24 12:10:11.313951,2026-02-24 12:10:42.493300,0 days 00:00:31.179349,0.21837005169234824,4,64,20,0.0003649457722503215,256,4,16,4,"[0.5, 0.5, 0.5, 0.5]",COMPLETE
12,0.5,2026-02-24 12:10:42.493339,2026-02-24 12:11:03.616699,0 days 00:00:21.123360,0.04349014650458129,2,32,20,0.0003535554364411795,256,4,8,4,"[0.5, 0.5, 0.5, 0.5]",COMPLETE
13,0.5,2026-02-24 12:11:03.616741,2026-02-24 12:11:34.911924,0 days 00:00:31.295183,0.19217206897192068,4,64,70,0.0004460895598122411,256,4,16,4,"[0.5, 0.5, 0.5, 0.5]",COMPLETE
14,0.5,2026-02-24 12:11:34.911964,2026-02-24 12:12:01.178757,0 days 00:00:26.266793,0.06920783253522353,3,128,40,0.000969955726655156,512,8,4,4,"[0.5, 0.5, 0.5, 0.5]",COMPLETE
16,0.5,2026-02-24 12:12:22.202280,2026-02-24 12:12:53.945836,0 days 00:00:31.743556,0.17002770603351908,4,64,110,0.00029290770780916893,32,4,16,4,"[0.5, 0.5, 0.5, 0.5]",COMPLETE
15,0.5,2026-02-24 12:12:01.178799,2026-02-24 12:12:22.202241,0 days 00:00:21.023442,0.2508105007286284,2,32,20,0.0001032462181646216,64,2,8,8,"[0.5, 0.5, 0.5, 0.5]",COMPLETE
17,0.5,2026-02-24 12:12:53.945875,2026-02-24 12:13:15.108307,0 days 00:00:21.162432,0.0819016943942793,2,64,40,0.0002883045861332161,256,2,8,4,"[0.5, 0.5, 0.5, 0.5]",COMPLETE
18,0.5,2026-02-24 12:13:15.108348,2026-02-24 12:13:52.289917,0 days 00:00:37.181569,0.009124802957277939,5,32,80,0.00014634661665581276,256,4,16,8,"[0.5, 0.5, 0.5, 0.5]",COMPLETE
34,0.5,2026-02-24 12:20:22.188573,2026-02-24 12:20:43.350177,0 days 00:00:21.161604,0.28523420957663626,2,32,20,0.000261218034764295,512,2,16,8,"[0.5, 0.5, 0.5, 0.5]",COMPLETE
19,0.5,2026-02-24 12:13:52.289966,2026-02-24 12:14:23.491877,0 days 00:00:31.201911,0.1364661581463094,4,128,30,0.00026702095236269156,256,8,4,2,"[0.5, 0.5, 0.5, 0.5]",COMPLETE
20,0.5,2026-02-24 12:14:23.491918,2026-02-24 12:14:49.644119,0 days 00:00:26.152201,0.29856594715633167,3,64,60,0.0004297544661873273,64,2,8,8,"[0.5, 0.5, 0.5, 0.5]",COMPLETE
21,0.5,2026-02-24 12:14:49.644159,2026-02-24 12:15:16.164721,0 days 00:00:26.520562,0.12960590823896634,3,64,30,0.0002451648153439048,128,2,16,2,"[0.5, 0.5, 0.5, 0.5]",COMPLETE
22,0.5,2026-02-24 12:15:16.164763,2026-02-24 12:15:42.566285,0 days 00:00:26.401522,0.040116282459061174,3,64,30,0.0001772653641164692,128,2,16,2,"[0.5, 0.5, 0.5, 0.5]",COMPLETE
23,0.5,2026-02-24 12:15:42.566326,2026-02-24 12:16:03.828052,0 days 00:00:21.261726,0.11281023827937592,2,64,50,0.00033426262381810833,512,2,16,2,"[0.5, 0.5, 0.5, 0.5]",COMPLETE
24,0.5,2026-02-24 12:16:03.828094,2026-02-24 12:16:19.609039,0 days 00:00:15.780945,0.15002049037339737,1,64,20,0.00042537358613380083,32,2,16,2,"[0.5, 0.5, 0.5, 0.5]",COMPLETE
25,0.5,2026-02-24 12:16:19.609086,2026-02-24 12:16:56.352411,0 days 00:00:36.743325,0.08702152387344828,5,32,40,0.00015418100893768345,128,4,16,2,"[0.5, 0.5, 0.5, 0.5]",COMPLETE
26,0.5,2026-02-24 12:16:56.352451,2026-02-24 12:17:27.640747,0 days 00:00:31.288296,0.2402789164266554,4,64,50,0.00024115711955054533,256,2,16,4,"[0.5, 0.5, 0.5, 0.5]",COMPLETE
27,0.5,2026-02-24 12:17:27.640788,2026-02-24 12:17:48.777246,0 days 00:00:21.136458,0.1769221960623178,2,64,30,0.00030595170385413345,256,2,16,2,"[0.5, 0.5, 0.5, 0.5]",COMPLETE
28,0.5,2026-02-24 12:17:48.777286,2026-02-24 12:18:15.251888,0 days 00:00:26.474602,0.21341190714488076,3,128,70,0.00019684446698953577,128,8,4,8,"[0.5, 0.5, 0.5, 0.5]",COMPLETE
29,0.5,2026-02-24 12:18:15.251928,2026-02-24 12:18:41.936041,0 days 00:00:26.684113,0.2655660518553272,3,32,30,0.00014231571953886448,128,4,8,4,"[0.5, 0.5, 0.5, 0.5]",COMPLETE
30,0.5,2026-02-24 12:18:41.936081,2026-02-24 12:19:13.623404,0 days 00:00:31.687323,0.04049339439491369,4,128,50,0.00017201209624902912,64,8,8,2,"[0.5, 0.5, 0.5, 0.5]",COMPLETE
31,0.5,2026-02-24 12:19:13.623444,2026-02-24 12:19:29.563974,0 days 00:00:15.940530,0.2848566882430164,1,128,70,0.00021944846856990384,128,8,8,2,"[0.5, 0.5, 0.5, 0.5]",COMPLETE
32,0.5,2026-02-24 12:19:29.564013,2026-02-24 12:19:55.895880,0 days 00:00:26.331867,0.26921315625186104,3,128,60,0.00011957746418380507,128,8,8,2,"[0.5, 0.5, 0.5, 0.5]",COMPLETE
33,0.5,2026-02-24 12:19:55.895920,2026-02-24 12:20:22.188534,0 days 00:00:26.292614,0.23414430929560076,3,128,40,0.0001783837593262899,128,8,8,2,"[0.5, 0.5, 0.5, 0.5]",COMPLETE
42,0.5,2026-02-24 12:23:40.539478,2026-02-24 12:23:56.405130,0 days 00:00:15.865652,0.15602302036578855,1,32,50,0.00021448903678314573,128,2,16,8,"[0.5, 0.5, 0.5, 0.5]",COMPLETE
35,0.5,2026-02-24 12:20:43.350217,2026-02-24 12:20:59.153294,0 days 00:00:15.803077,0.09371117538873047,1,32,40,0.00020590743460658807,128,2,8,2,"[0.5, 0.5, 0.5, 0.5]",COMPLETE
36,0.5,2026-02-24 12:20:59.153333,2026-02-24 12:21:35.794135,0 days 00:00:36.640802,0.12870126736498566,5,128,60,0.00016326060800753237,256,8,8,8,"[0.5, 0.5, 0.5, 0.5]",COMPLETE
37,0.5,2026-02-24 12:21:35.794175,2026-02-24 12:22:07.116022,0 days 00:00:31.321847,0.061331553762466864,4,64,100,0.00012486313289622328,32,4,4,4,"[0.5, 0.5, 0.5, 0.5]",COMPLETE
38,0.5,2026-02-24 12:22:07.116063,2026-02-24 12:22:28.172213,0 days 00:00:21.056150,0.105323582119489,2,32,30,0.0001942414092689749,128,2,16,8,"[0.5, 0.5, 0.5, 0.5]",COMPLETE
39,0.5,2026-02-24 12:22:28.172254,2026-02-24 12:22:47.939586,0 days 00:00:19.767332,0.1458290186761802,1,64,130,0.0003825415741376788,256,8,8,2,"[0.5, 0.5, 0.5, 0.5]",COMPLETE
40,0.5,2026-02-24 12:22:47.939626,2026-02-24 12:23:24.544717,0 days 00:00:36.605091,0.22270452636996554,5,128,80,0.0005356557520348533,512,4,16,4,"[0.5, 0.5, 0.5, 0.5]",COMPLETE
41,0.5,2026-02-24 12:23:24.544758,2026-02-24 12:23:40.539437,0 days 00:00:15.994679,0.10443673850721734,1,32,90,0.00022955866524478004,128,2,16,8,"[0.5, 0.5, 0.5, 0.5]",COMPLETE
46,0.5,2026-02-24 12:25:04.594557,2026-02-24 12:25:30.698016,0 days 00:00:26.103459,0.026532100022772467,3,64,80,0.0002457411797922314,256,2,8,4,"[0.5, 0.5, 0.5, 0.5]",COMPLETE
43,0.5,2026-02-24 12:23:56.405169,2026-02-24 12:24:12.164166,0 days 00:00:15.758997,0.05317552429448359,1,32,60,0.00026633831874313873,128,2,16,8,"[0.5, 0.5, 0.5, 0.5]",COMPLETE
44,0.5,2026-02-24 12:24:12.164206,2026-02-24 12:24:33.193569,0 days 00:00:21.029363,0.19259753908517868,2,32,20,0.00032094672915587404,256,2,16,8,"[0.5, 0.5, 0.5, 0.5]",COMPLETE
45,0.5,2026-02-24 12:24:33.193609,2026-02-24 12:25:04.594516,0 days 00:00:31.400907,0.07794095314793556,4,32,40,0.00019796542508758054,64,4,4,8,"[0.5, 0.5, 0.5, 0.5]",COMPLETE
48,0.5,2026-02-24 12:25:51.860646,2026-02-24 12:26:07.564848,0 days 00:00:15.704202,0.09830960608201694,1,64,100,0.00013422318056605006,128,2,8,4,"[0.5, 0.5, 0.5, 0.5]",COMPLETE
47,0.5,2026-02-24 12:25:30.698056,2026-02-24 12:25:51.860606,0 days 00:00:21.162550,0.11773184773697161,2,32,70,0.0002780224473654435,32,4,16,8,"[0.5, 0.5, 0.5, 0.5]",COMPLETE
49,0.5,2026-02-24 12:26:07.564890,2026-02-24 12:26:39.058627,0 days 00:00:31.493737,0.17593744525822658,4,128,20,0.000393251913312376,256,8,16,2,"[0.5, 0.5, 0.5, 0.5]",COMPLETE
10,0.40849364905389035,2026-02-24 12:09:39.976193,2026-02-24 12:10:11.313905,0 days 00:00:31.337712,0.01169437522199926,4,128,90,0.000540599938104664,32,4,8,8,"[0.5, 1.0, 0.5, 0.5]",COMPLETE
