number,value,datetime_start,datetime_complete,duration,params_dropout,params_encoder_layers,params_hidden_size,params_input_size,params_learning_rate,params_linear_hidden_size,params_n_heads,params_patch_len,params_stride,user_attrs_fold_hit_rates,state
0,0.5,2026-02-24 02:23:34.095262,2026-02-24 02:23:59.757847,0 days 00:00:25.662585,0.052544333229825164,3,128,40,0.00016633594557969642,512,8,8,2,"[0.5, 0.5, 0.5, 0.5]",COMPLETE
1,0.5,2026-02-24 02:23:59.757899,2026-02-24 02:24:35.439752,0 days 00:00:35.681853,0.19487687988319136,5,64,80,0.00022427117114141108,64,4,8,2,"[0.5, 0.5, 0.5, 0.5]",COMPLETE
2,0.5,2026-02-24 02:24:35.439801,2026-02-24 02:24:50.641944,0 days 00:00:15.202143,0.13784952210644674,1,64,60,0.0002575813208869657,64,8,4,2,"[0.5, 0.5, 0.5, 0.5]",COMPLETE
3,0.5,2026-02-24 02:24:50.641984,2026-02-24 02:25:21.023215,0 days 00:00:30.381231,0.22505896740089415,4,64,40,0.000695384119832327,512,2,4,8,"[0.5, 0.5, 0.5, 0.5]",COMPLETE
4,0.5,2026-02-24 02:25:21.023256,2026-02-24 02:25:40.887232,0 days 00:00:19.863976,0.10703895596155356,2,64,50,0.0008564439458773508,256,8,4,4,"[0.5, 0.5, 0.5, 0.5]",COMPLETE
5,0.5,2026-02-24 02:25:40.887271,2026-02-24 02:26:05.867930,0 days 00:00:24.980659,0.18134520024214754,3,128,100,0.0005172113938341474,32,2,4,4,"[0.5, 0.5, 0.5, 0.5]",COMPLETE
6,0.5,2026-02-24 02:26:05.867968,2026-02-24 02:26:20.857129,0 days 00:00:14.989161,0.17711190101652272,1,64,110,0.0009259014140666693,128,4,16,8,"[0.5, 0.5, 0.5, 0.5]",COMPLETE
7,0.5,2026-02-24 02:26:20.857168,2026-02-24 02:26:46.357808,0 days 00:00:25.500640,0.17177602636516928,3,128,60,0.0008940880053772787,128,8,8,2,"[0.5, 0.5, 0.5, 0.5]",COMPLETE
8,0.5,2026-02-24 02:26:46.357848,2026-02-24 02:27:01.078229,0 days 00:00:14.720381,0.04382031758880589,1,32,80,0.00012499235821019435,256,2,4,8,"[0.5, 0.5, 0.5, 0.5]",COMPLETE
9,0.5,2026-02-24 02:27:01.078267,2026-02-24 02:27:27.702616,0 days 00:00:26.624349,0.035505491217929015,3,32,140,0.0003262272983002078,32,4,8,2,"[0.5, 0.5, 0.5, 0.5]",COMPLETE
10,0.5,2026-02-24 02:27:27.702653,2026-02-24 02:28:02.967852,0 days 00:00:35.265199,0.29585368459688755,5,128,20,0.00011079070615089685,512,8,16,2,"[0.5, 0.5, 0.5, 0.5]",COMPLETE
11,0.5,2026-02-24 02:28:02.967892,2026-02-24 02:28:38.322325,0 days 00:00:35.354433,0.0013286473745289726,5,128,20,0.00018611026889477317,64,4,8,2,"[0.5, 0.5, 0.5, 0.5]",COMPLETE
12,0.5,2026-02-24 02:28:38.322363,2026-02-24 02:29:10.356412,0 days 00:00:32.034049,0.09929325810942496,4,128,80,0.00019714447922865015,512,4,8,2,"[0.5, 0.5, 0.5, 0.5]",COMPLETE
13,0.5,2026-02-24 02:29:10.356449,2026-02-24 02:29:47.697489,0 days 00:00:37.341040,0.25233577669860435,4,64,110,0.0003524935814783286,64,8,8,2,"[0.5, 0.5, 0.5, 0.5]",COMPLETE
14,0.5,2026-02-24 02:29:47.697528,2026-02-24 02:30:07.587875,0 days 00:00:19.890347,0.0880640907559445,2,32,40,0.0001729584219831572,64,4,8,2,"[0.5, 0.5, 0.5, 0.5]",COMPLETE
15,0.5,2026-02-24 02:30:07.587914,2026-02-24 02:30:27.653008,0 days 00:00:20.065094,0.23812140804452847,2,64,80,0.000253128042026807,512,8,8,4,"[0.5, 0.5, 0.5, 0.5]",COMPLETE
16,0.5,2026-02-24 02:30:27.653045,2026-02-24 02:31:27.906482,0 days 00:01:00.253437,0.14547840888604885,5,128,140,0.00014494586790636126,64,4,8,2,"[0.5, 0.5, 0.5, 0.5]",COMPLETE
17,0.5,2026-02-24 02:31:27.906520,2026-02-24 02:32:05.586339,0 days 00:00:37.679819,0.20954960908365672,4,128,90,0.0004601761775915298,512,8,16,2,"[0.5, 0.5, 0.5, 0.5]",COMPLETE
18,0.5,2026-02-24 02:32:05.586377,2026-02-24 02:32:35.971918,0 days 00:00:30.385541,0.0679378493535829,4,64,60,0.00024559148471896714,128,4,8,8,"[0.5, 0.5, 0.5, 0.5]",COMPLETE
19,0.5,2026-02-24 02:32:35.971956,2026-02-24 02:32:55.956184,0 days 00:00:19.984228,0.2708920356056255,2,32,30,0.0001442830782097658,32,2,8,4,"[0.5, 0.5, 0.5, 0.5]",COMPLETE
20,0.5,2026-02-24 02:32:55.956222,2026-02-24 02:33:36.218334,0 days 00:00:40.262112,0.13157669113594742,3,128,120,0.00010201495375022863,256,8,16,2,"[0.5, 0.5, 0.5, 0.5]",COMPLETE
21,0.5,2026-02-24 02:33:36.218374,2026-02-24 02:33:51.194181,0 days 00:00:14.975807,0.20778282267668394,1,64,60,0.0002672109322925456,64,8,4,2,"[0.5, 0.5, 0.5, 0.5]",COMPLETE
22,0.5,2026-02-24 02:33:51.194220,2026-02-24 02:34:06.161361,0 days 00:00:14.967141,0.1252376320480009,1,64,70,0.00041293685747687773,64,8,4,2,"[0.5, 0.5, 0.5, 0.5]",COMPLETE
23,0.5,2026-02-24 02:34:06.161399,2026-02-24 02:34:41.523113,0 days 00:00:35.361714,0.007027025464695774,5,64,40,0.00021964849760979505,64,8,4,2,"[0.5, 0.5, 0.5, 0.5]",COMPLETE
24,0.5,2026-02-24 02:34:41.523163,2026-02-24 02:35:01.758276,0 days 00:00:20.235113,0.1593630024013074,2,64,70,0.00016056494074130438,64,8,8,2,"[0.5, 0.5, 0.5, 0.5]",COMPLETE
25,0.5,2026-02-24 02:35:01.758315,2026-02-24 02:35:26.983497,0 days 00:00:25.225182,0.06615827101028834,3,64,50,0.00028872978596769576,512,4,4,2,"[0.5, 0.5, 0.5, 0.5]",COMPLETE
26,0.5,2026-02-24 02:35:26.983538,2026-02-24 02:35:57.792160,0 days 00:00:30.808622,0.1917933103081329,4,64,90,0.00021575407313202433,64,8,8,2,"[0.5, 0.5, 0.5, 0.5]",COMPLETE
27,0.5,2026-02-24 02:35:57.792198,2026-02-24 02:36:17.958025,0 days 00:00:20.165827,0.12153689937863921,2,64,70,0.0003799579339868052,64,8,8,2,"[0.5, 0.5, 0.5, 0.5]",COMPLETE
28,0.5,2026-02-24 02:36:17.958065,2026-02-24 02:36:43.157047,0 days 00:00:25.198982,0.1553554131457517,3,32,50,0.00029847873702815283,512,2,16,4,"[0.5, 0.5, 0.5, 0.5]",COMPLETE
29,0.5,2026-02-24 02:36:43.157087,2026-02-24 02:37:13.465633,0 days 00:00:30.308546,0.22072826117791255,4,128,30,0.0006630118533005369,512,4,4,8,"[0.5, 0.5, 0.5, 0.5]",COMPLETE
30,0.5,2026-02-24 02:37:13.465672,2026-02-24 02:37:28.418993,0 days 00:00:14.953321,0.07707883719865535,1,64,30,0.0002186669532165508,32,2,4,8,"[0.5, 0.5, 0.5, 0.5]",COMPLETE
31,0.5,2026-02-24 02:37:28.419034,2026-02-24 02:38:03.890472,0 days 00:00:35.471438,0.23441973057748874,5,64,40,0.0006854085768238701,512,2,4,8,"[0.5, 0.5, 0.5, 0.5]",COMPLETE
32,0.5,2026-02-24 02:38:03.890511,2026-02-24 02:38:39.345155,0 days 00:00:35.454644,0.19583552158098438,5,64,50,0.0004804132045983757,256,2,4,8,"[0.5, 0.5, 0.5, 0.5]",COMPLETE
33,0.5,2026-02-24 02:38:39.345195,2026-02-24 02:39:14.636329,0 days 00:00:35.291134,0.2577896324933349,5,64,60,0.0007433916115887727,512,2,4,8,"[0.5, 0.5, 0.5, 0.5]",COMPLETE
34,0.5,2026-02-24 02:39:14.636368,2026-02-24 02:39:44.940569,0 days 00:00:30.304201,0.17777485360773365,4,64,40,0.00017030908733612797,128,2,4,4,"[0.5, 0.5, 0.5, 0.5]",COMPLETE
35,0.5,2026-02-24 02:39:44.940609,2026-02-24 02:40:10.217996,0 days 00:00:25.277387,0.03547773487284174,3,64,90,0.00013167924608621203,512,8,4,8,"[0.5, 0.5, 0.5, 0.5]",COMPLETE
36,0.5,2026-02-24 02:40:10.218035,2026-02-24 02:40:40.696731,0 days 00:00:30.478696,0.11032914071208841,4,128,70,0.0005512101297632283,256,2,4,8,"[0.5, 0.5, 0.5, 0.5]",COMPLETE
37,0.5,2026-02-24 02:40:40.696771,2026-02-24 02:41:15.991621,0 days 00:00:35.294850,0.16942605164325042,5,64,60,0.0005586669991595656,128,4,8,2,"[0.5, 0.5, 0.5, 0.5]",COMPLETE
38,0.5,2026-02-24 02:41:15.991660,2026-02-24 02:41:41.031362,0 days 00:00:25.039702,0.2901572073963897,3,32,20,0.0009577488314007371,32,8,16,4,"[0.5, 0.5, 0.5, 0.5]",COMPLETE
39,0.5,2026-02-24 02:41:41.031402,2026-02-24 02:41:55.877666,0 days 00:00:14.846264,0.22418126760623694,1,128,50,0.00031969703914034133,512,4,8,2,"[0.5, 0.5, 0.5, 0.5]",COMPLETE
41,0.5,2026-02-24 02:42:28.019333,2026-02-24 02:42:48.183062,0 days 00:00:20.163729,0.13811510929256565,2,64,50,0.0008158120859775585,256,8,4,4,"[0.5, 0.5, 0.5, 0.5]",COMPLETE
42,0.5,2026-02-24 02:42:48.183101,2026-02-24 02:43:13.526568,0 days 00:00:25.343467,0.10591924203850189,3,64,30,0.00099476968191008,256,8,4,4,"[0.5, 0.5, 0.5, 0.5]",COMPLETE
46,0.5,2026-02-24 02:44:08.492200,2026-02-24 02:44:33.746870,0 days 00:00:25.254670,0.05187866959941102,3,32,50,0.0002739070100949985,64,8,4,8,"[0.5, 0.5, 0.5, 0.5]",COMPLETE
43,0.5,2026-02-24 02:43:13.526607,2026-02-24 02:43:28.379659,0 days 00:00:14.853052,0.08972738542732814,1,64,40,0.00019459981049791444,256,8,4,4,"[0.5, 0.5, 0.5, 0.5]",COMPLETE
44,0.5,2026-02-24 02:43:28.379717,2026-02-24 02:43:48.598206,0 days 00:00:20.218489,0.18981720800633922,2,64,80,0.0008792899084456279,256,8,8,4,"[0.5, 0.5, 0.5, 0.5]",COMPLETE
45,0.5,2026-02-24 02:43:48.598245,2026-02-24 02:44:08.492161,0 days 00:00:19.893916,0.16147453147983715,2,128,20,0.0006454630424112759,512,4,8,2,"[0.5, 0.5, 0.5, 0.5]",COMPLETE
49,0.5,2026-02-24 02:45:19.454012,2026-02-24 02:45:40.073709,0 days 00:00:20.619697,0.2032320322371806,2,128,80,0.00018450332261451855,64,8,8,2,"[0.5, 0.5, 0.5, 0.5]",COMPLETE
48,0.5,2026-02-24 02:44:48.749402,2026-02-24 02:45:19.453972,0 days 00:00:30.704570,0.14255236704034932,4,64,40,0.00036182969749178366,32,4,8,4,"[0.5, 0.5, 0.5, 0.5]",COMPLETE
40,0.40849364905389035,2026-02-24 02:41:55.877723,2026-02-24 02:42:28.019293,0 days 00:00:32.141570,0.04793060131300121,4,128,100,0.0002360500129462286,64,2,4,2,"[0.5, 0.5, 1.0, 0.5]",COMPLETE
47,0.40849364905389035,2026-02-24 02:44:33.746908,2026-02-24 02:44:48.749364,0 days 00:00:15.002456,0.0122641938629212,1,64,60,0.0007769252902174685,128,8,16,2,"[0.5, 0.5, 0.5, 1.0]",COMPLETE
