number,value,datetime_start,datetime_complete,duration,params_dropout,params_encoder_layers,params_hidden_size,params_input_size,params_learning_rate,params_linear_hidden_size,params_n_heads,params_patch_len,params_stride,user_attrs_fold_hit_rates,state
0,0.5,2026-02-24 03:33:53.333984,2026-02-24 03:34:23.857009,0 days 00:00:30.523025,0.015533168775601701,4,64,90,0.0005192222416776777,128,2,16,8,"[0.5, 0.5, 0.5, 0.5]",COMPLETE
1,0.5,2026-02-24 03:34:23.857050,2026-02-24 03:34:49.373646,0 days 00:00:25.516596,0.18180608181269228,3,128,50,0.0006127782869305046,256,8,8,8,"[0.5, 0.5, 0.5, 0.5]",COMPLETE
2,0.5,2026-02-24 03:34:49.373712,2026-02-24 03:35:04.504931,0 days 00:00:15.131219,0.2234232651015429,1,128,90,0.0002518309490640034,32,2,4,4,"[0.5, 0.5, 0.5, 0.5]",COMPLETE
3,0.5,2026-02-24 03:35:04.504971,2026-02-24 03:35:30.079067,0 days 00:00:25.574096,0.135437556904303,3,128,50,0.0008159541867930515,256,4,4,2,"[0.5, 0.5, 0.5, 0.5]",COMPLETE
4,0.5,2026-02-24 03:35:30.079107,2026-02-24 03:36:00.587317,0 days 00:00:30.508210,0.16555443890473046,4,32,120,0.00016998763620758173,64,8,4,8,"[0.5, 0.5, 0.5, 0.5]",COMPLETE
5,0.5,2026-02-24 03:36:00.587357,2026-02-24 03:36:31.075775,0 days 00:00:30.488418,0.045842974598981776,4,32,20,0.00061775615481756,32,8,4,4,"[0.5, 0.5, 0.5, 0.5]",COMPLETE
6,0.5,2026-02-24 03:36:31.075817,2026-02-24 03:36:46.281574,0 days 00:00:15.205757,0.060876509976899605,1,64,90,0.00017539153774132798,32,4,8,8,"[0.5, 0.5, 0.5, 0.5]",COMPLETE
7,0.5,2026-02-24 03:36:46.281615,2026-02-24 03:37:11.669714,0 days 00:00:25.388099,0.16503291772829753,3,128,30,0.000598655498901318,128,8,8,4,"[0.5, 0.5, 0.5, 0.5]",COMPLETE
8,0.5,2026-02-24 03:37:11.669754,2026-02-24 03:37:37.102977,0 days 00:00:25.433223,0.058593475975633996,3,128,100,0.00027641654115180314,256,2,4,8,"[0.5, 0.5, 0.5, 0.5]",COMPLETE
9,0.5,2026-02-24 03:37:37.103018,2026-02-24 03:38:07.681585,0 days 00:00:30.578567,0.07976563990724712,4,128,20,0.00024020052280300842,512,2,4,8,"[0.5, 0.5, 0.5, 0.5]",COMPLETE
10,0.5,2026-02-24 03:38:07.681624,2026-02-24 03:38:43.741495,0 days 00:00:36.059871,0.2875414760858727,5,64,130,0.00040908540284622627,128,2,16,2,"[0.5, 0.5, 0.5, 0.5]",COMPLETE
11,0.5,2026-02-24 03:38:43.741535,2026-02-24 03:39:04.204417,0 days 00:00:20.462882,0.0015339524191723113,2,64,50,0.0004683355446551731,128,8,16,8,"[0.5, 0.5, 0.5, 0.5]",COMPLETE
12,0.5,2026-02-24 03:39:04.204458,2026-02-24 03:39:40.144476,0 days 00:00:35.940018,0.23494786181601535,5,64,60,0.0008192513319891942,256,2,16,8,"[0.5, 0.5, 0.5, 0.5]",COMPLETE
13,0.5,2026-02-24 03:39:40.144514,2026-02-24 03:40:00.560647,0 days 00:00:20.416133,0.11771073701721427,2,64,70,0.0009947931509755922,512,8,8,8,"[0.5, 0.5, 0.5, 0.5]",COMPLETE
14,0.5,2026-02-24 03:40:00.560709,2026-02-24 03:40:31.117566,0 days 00:00:30.556857,0.1887884622445593,4,32,110,0.00041893971926158677,64,4,16,8,"[0.5, 0.5, 0.5, 0.5]",COMPLETE
15,0.5,2026-02-24 03:40:31.117605,2026-02-24 03:40:51.454312,0 days 00:00:20.336707,0.10226766784867024,2,128,80,0.00010863494422604165,128,2,8,2,"[0.5, 0.5, 0.5, 0.5]",COMPLETE
16,0.5,2026-02-24 03:40:51.454353,2026-02-24 03:41:26.981474,0 days 00:00:35.527121,0.020602332321267652,5,64,140,0.0005707779024026705,256,8,8,8,"[0.5, 0.5, 0.5, 0.5]",COMPLETE
17,0.5,2026-02-24 03:41:26.981514,2026-02-24 03:41:57.536574,0 days 00:00:30.555060,0.20617409485978955,4,128,40,0.0003540136666126373,128,8,16,8,"[0.5, 0.5, 0.5, 0.5]",COMPLETE
18,0.5,2026-02-24 03:41:57.536614,2026-02-24 03:42:22.934628,0 days 00:00:25.398014,0.27936122228242566,3,64,70,0.0007365259594830669,256,2,8,2,"[0.5, 0.5, 0.5, 0.5]",COMPLETE
19,0.5,2026-02-24 03:42:22.934667,2026-02-24 03:42:48.427644,0 days 00:00:25.492977,0.2521917317373447,3,32,70,0.0005636683446885669,64,4,16,4,"[0.5, 0.5, 0.5, 0.5]",COMPLETE
20,0.5,2026-02-24 03:42:48.427700,2026-02-24 03:43:08.646877,0 days 00:00:20.219177,0.09953715134157456,2,128,100,0.0004833922314598866,512,8,16,8,"[0.5, 0.5, 0.5, 0.5]",COMPLETE
21,0.5,2026-02-24 03:43:08.646917,2026-02-24 03:43:23.733720,0 days 00:00:15.086803,0.2215464194290319,1,128,90,0.00020995212568167949,32,2,4,4,"[0.5, 0.5, 0.5, 0.5]",COMPLETE
22,0.5,2026-02-24 03:43:23.733760,2026-02-24 03:43:38.696635,0 days 00:00:14.962875,0.18556063896900032,1,128,90,0.0003164329075786636,32,2,4,4,"[0.5, 0.5, 0.5, 0.5]",COMPLETE
23,0.5,2026-02-24 03:43:38.696674,2026-02-24 03:43:53.751603,0 days 00:00:15.054929,0.2539394393270747,1,128,110,0.0003318739191027497,32,2,8,4,"[0.5, 0.5, 0.5, 0.5]",COMPLETE
24,0.5,2026-02-24 03:43:53.751646,2026-02-24 03:44:14.128928,0 days 00:00:20.377282,0.13996567609937505,2,128,80,0.00012213270082991524,32,2,4,4,"[0.5, 0.5, 0.5, 0.5]",COMPLETE
25,0.5,2026-02-24 03:44:14.128968,2026-02-24 03:44:49.776904,0 days 00:00:35.647936,0.1981209594764069,5,64,60,0.0002439869845630454,128,2,16,4,"[0.5, 0.5, 0.5, 0.5]",COMPLETE
26,0.5,2026-02-24 03:44:49.776944,2026-02-24 03:45:20.332059,0 days 00:00:30.555115,0.16181356542330125,4,128,80,0.0003790081287830858,256,2,8,8,"[0.5, 0.5, 0.5, 0.5]",COMPLETE
27,0.5,2026-02-24 03:45:20.332100,2026-02-24 03:45:45.946482,0 days 00:00:25.614382,0.2589004936166158,3,128,100,0.0005029947458086049,32,4,4,8,"[0.5, 0.5, 0.5, 0.5]",COMPLETE
28,0.5,2026-02-24 03:45:45.946520,2026-02-24 03:46:16.543861,0 days 00:00:30.597341,0.23333769841592444,4,32,40,0.0007018359400212925,128,2,16,2,"[0.5, 0.5, 0.5, 0.5]",COMPLETE
29,0.5,2026-02-24 03:46:16.543901,2026-02-24 03:46:41.879545,0 days 00:00:25.335644,0.14029939312568707,3,64,60,0.0009490646894866516,256,8,8,4,"[0.5, 0.5, 0.5, 0.5]",COMPLETE
30,0.5,2026-02-24 03:46:41.879584,2026-02-24 03:47:02.211579,0 days 00:00:20.331995,0.11975380457566147,2,128,50,0.00028195038801684955,256,4,4,2,"[0.5, 0.5, 0.5, 0.5]",COMPLETE
31,0.5,2026-02-24 03:47:02.211620,2026-02-24 03:47:32.761578,0 days 00:00:30.549958,0.21159690125089128,4,128,40,0.0008045011005228565,256,4,4,2,"[0.5, 0.5, 0.5, 0.5]",COMPLETE
32,0.5,2026-02-24 03:47:32.761616,2026-02-24 03:48:05.605627,0 days 00:00:32.844011,0.18004128841903028,3,128,120,0.00065984277234293,64,4,4,2,"[0.5, 0.5, 0.5, 0.5]",COMPLETE
33,0.5,2026-02-24 03:48:05.605668,2026-02-24 03:48:31.183074,0 days 00:00:25.577406,0.023897497922215044,3,32,50,0.0008701447202567197,256,4,4,2,"[0.5, 0.5, 0.5, 0.5]",COMPLETE
34,0.5,2026-02-24 03:48:31.183113,2026-02-24 03:49:01.753255,0 days 00:00:30.570142,0.17083748805201587,4,128,30,0.0001574885048802176,32,8,4,8,"[0.5, 0.5, 0.5, 0.5]",COMPLETE
35,0.5,2026-02-24 03:49:01.753294,2026-02-24 03:49:16.775663,0 days 00:00:15.022369,0.07647947475856987,1,128,90,0.0005400957021970288,256,4,4,4,"[0.5, 0.5, 0.5, 0.5]",COMPLETE
36,0.5,2026-02-24 03:49:16.775720,2026-02-24 03:49:37.242240,0 days 00:00:20.466520,0.03807829173793764,2,128,20,0.0006361952568549978,512,8,4,8,"[0.5, 0.5, 0.5, 0.5]",COMPLETE
37,0.5,2026-02-24 03:49:37.242279,2026-02-24 03:50:02.705703,0 days 00:00:25.463424,0.1510453947307109,3,64,110,0.00017671449156258766,256,2,8,2,"[0.5, 0.5, 0.5, 0.5]",COMPLETE
38,0.5,2026-02-24 03:50:02.705751,2026-02-24 03:50:38.228843,0 days 00:00:35.523092,0.22940507178267175,5,32,70,0.00044017983679050165,128,4,4,8,"[0.5, 0.5, 0.5, 0.5]",COMPLETE
40,0.5,2026-02-24 03:51:08.873254,2026-02-24 03:51:34.163853,0 days 00:00:25.290599,0.29936087952332624,3,64,30,0.0002801358190347693,64,2,8,8,"[0.5, 0.5, 0.5, 0.5]",COMPLETE
41,0.5,2026-02-24 03:51:34.163892,2026-02-24 03:52:04.733696,0 days 00:00:30.569804,0.1590811613792003,4,32,130,0.00015056284650743554,64,8,4,8,"[0.5, 0.5, 0.5, 0.5]",COMPLETE
42,0.5,2026-02-24 03:52:04.733743,2026-02-24 03:52:30.279672,0 days 00:00:25.545929,0.13930069973145606,3,32,120,0.00023111253536590745,64,8,4,8,"[0.5, 0.5, 0.5, 0.5]",COMPLETE
46,0.5,2026-02-24 03:54:06.912841,2026-02-24 03:54:57.848780,0 days 00:00:50.935939,0.05247492809894576,5,128,130,0.0006147036099372118,256,2,8,2,"[0.5, 0.5, 0.5, 0.5]",COMPLETE
43,0.5,2026-02-24 03:52:30.279730,2026-02-24 03:53:00.852942,0 days 00:00:30.573212,0.0692375914187041,4,32,60,0.00019536887652274308,64,8,4,8,"[0.5, 0.5, 0.5, 0.5]",COMPLETE
44,0.5,2026-02-24 03:53:00.852982,2026-02-24 03:53:36.461057,0 days 00:00:35.608075,0.12248402458236748,5,32,140,0.00012496028123220896,128,8,4,8,"[0.5, 0.5, 0.5, 0.5]",COMPLETE
45,0.5,2026-02-24 03:53:36.461096,2026-02-24 03:54:06.912801,0 days 00:00:30.451705,0.1961866508354351,4,64,90,0.0009180444695780259,512,8,16,8,"[0.5, 0.5, 0.5, 0.5]",COMPLETE
48,0.5,2026-02-24 03:55:23.321358,2026-02-24 03:55:53.935483,0 days 00:00:30.614125,0.17385263356950256,4,32,50,0.00014904059038348656,64,2,4,8,"[0.5, 0.5, 0.5, 0.5]",COMPLETE
47,0.5,2026-02-24 03:54:57.848819,2026-02-24 03:55:23.321319,0 days 00:00:25.472500,0.0943519371021841,3,64,120,0.0003717674268606439,128,8,16,8,"[0.5, 0.5, 0.5, 0.5]",COMPLETE
49,0.5,2026-02-24 03:55:53.935522,2026-02-24 03:56:14.314201,0 days 00:00:20.378679,0.2171610931671027,2,128,70,0.0006836220033845431,256,4,8,2,"[0.5, 0.5, 0.5, 0.5]",COMPLETE
39,0.09748941508981718,2026-02-24 03:50:38.228884,2026-02-24 03:51:08.873214,0 days 00:00:30.644330,3.6851927992451183e-06,4,128,100,0.0007552204217184023,32,8,16,4,"[0.5, 1.0, 0.0, 0.3333333333333333]",COMPLETE
